<?xml version="1.0" encoding="UTF-8"?>
<testsuites name="Positive Cases" time="0.945" tests="1" failures="0" errors="1">
   <testsuite name="Positive Cases" tests="1" failures="0" errors="1" time="0.945" skipped="0" timestamp="2023-05-02 09:32:35" hostname="Intikom - NBPSS073" id="Test Suites/Registration Flow/Positive Cases">
      <properties>
         <property name="deviceName" value=""/>
         <property name="devicePlatform" value=""/>
         <property name="logFolder" value="C:\\Users\\Intikom\\git\\1cermati-q4\\Reports\\20230502_093222\\Registration Flow\\Positive Cases\\20230502_093222"/>
         <property name="logFiles" value="C:\\Users\\Intikom\\git\\1cermati-q4\\Reports\\20230502_093222\\Registration Flow\\Positive Cases\\20230502_093222\\execution0.log"/>
         <property name="attachments" value=""/>
         <property name="hostName" value="Intikom - NBPSS073"/>
         <property name="hostAddress" value="192.168.0.87"/>
         <property name="os" value="Windows 10 64bit"/>
         <property name="katalonVersion" value="8.5.5.208"/>
      </properties>
      <testcase name="Test Cases/Verification Page/Positive Cases/VP001 - Send OTP WhatsApp" time="0.455" classname="Test Cases/Verification Page/Positive Cases/VP001 - Send OTP WhatsApp" status="ERROR">
         <error type="ERROR" message="Test Cases/Verification Page/Positive Cases/VP001 - Send OTP WhatsApp FAILED.
Reason:
groovy.lang.MissingPropertyException: No such property: cityAndProvince for class: Script1682571939883
	at VP001 - Send OTP WhatsApp.run(VP001 - Send OTP WhatsApp:21)
	at com.kms.katalon.core.main.ScriptEngine.run(ScriptEngine.java:194)
	at com.kms.katalon.core.main.ScriptEngine.runScriptAsRawText(ScriptEngine.java:119)
	at com.kms.katalon.core.main.TestCaseExecutor.runScript(TestCaseExecutor.java:448)
	at com.kms.katalon.core.main.TestCaseExecutor.doExecute(TestCaseExecutor.java:439)
	at com.kms.katalon.core.main.TestCaseExecutor.processExecutionPhase(TestCaseExecutor.java:418)
	at com.kms.katalon.core.main.TestCaseExecutor.accessMainPhase(TestCaseExecutor.java:410)
	at com.kms.katalon.core.main.TestCaseExecutor.execute(TestCaseExecutor.java:285)
	at com.kms.katalon.core.common.CommonExecutor.accessTestCaseMainPhase(CommonExecutor.java:65)
	at com.kms.katalon.core.main.TestSuiteExecutor.accessTestSuiteMainPhase(TestSuiteExecutor.java:151)
	at com.kms.katalon.core.main.TestSuiteExecutor.execute(TestSuiteExecutor.java:106)
	at com.kms.katalon.core.main.TestCaseMain.startTestSuite(TestCaseMain.java:185)
	at com.kms.katalon.core.main.TestCaseMain$startTestSuite$0.call(Unknown Source)
	at TempTestSuite1682994742059.run(TempTestSuite1682994742059.groovy:36)
"/>
         <system-out><![CDATA[2023-05-02 09:32:35 - [TEST_CASE][ERROR] - Test Cases/Verification Page/Positive Cases/VP001 - Send OTP WhatsApp: Test Cases/Verification Page/Positive Cases/VP001 - Send OTP WhatsApp FAILED.
Reason:
groovy.lang.MissingPropertyException: No such property: cityAndProvince for class: Script1682571939883
	at VP001 - Send OTP WhatsApp.run(VP001 - Send OTP WhatsApp:21)
	at com.kms.katalon.core.main.ScriptEngine.run(ScriptEngine.java:194)
	at com.kms.katalon.core.main.ScriptEngine.runScriptAsRawText(ScriptEngine.java:119)
	at com.kms.katalon.core.main.TestCaseExecutor.runScript(TestCaseExecutor.java:448)
	at com.kms.katalon.core.main.TestCaseExecutor.doExecute(TestCaseExecutor.java:439)
	at com.kms.katalon.core.main.TestCaseExecutor.processExecutionPhase(TestCaseExecutor.java:418)
	at com.kms.katalon.core.main.TestCaseExecutor.accessMainPhase(TestCaseExecutor.java:410)
	at com.kms.katalon.core.main.TestCaseExecutor.execute(TestCaseExecutor.java:285)
	at com.kms.katalon.core.common.CommonExecutor.accessTestCaseMainPhase(CommonExecutor.java:65)
	at com.kms.katalon.core.main.TestSuiteExecutor.accessTestSuiteMainPhase(TestSuiteExecutor.java:151)
	at com.kms.katalon.core.main.TestSuiteExecutor.execute(TestSuiteExecutor.java:106)
	at com.kms.katalon.core.main.TestCaseMain.startTestSuite(TestCaseMain.java:185)
	at com.kms.katalon.core.main.TestCaseMain$startTestSuite$0.call(Unknown Source)
	at TempTestSuite1682994742059.run(TempTestSuite1682994742059.groovy:36)


2023-05-02 09:32:35 - [TEST_STEP][ERROR] - callTestCase(findTestCase("Gabung Page/Positive Cases/GP001 - Registration"), ["email":xemail, "mobilePhone":xmobilePhone, "password":xpassword, "confirmPassword":xconfirmPassword, "firstName":xfirstName, ... ], CONTINUE_ON_FAILURE): Test Cases/Verification Page/Positive Cases/VP001 - Send OTP WhatsApp FAILED.
Reason:
groovy.lang.MissingPropertyException: No such property: cityAndProvince for class: Script1682571939883
	at VP001 - Send OTP WhatsApp.run(VP001 - Send OTP WhatsApp:21)
	at com.kms.katalon.core.main.ScriptEngine.run(ScriptEngine.java:194)
	at com.kms.katalon.core.main.ScriptEngine.runScriptAsRawText(ScriptEngine.java:119)
	at com.kms.katalon.core.main.TestCaseExecutor.runScript(TestCaseExecutor.java:448)
	at com.kms.katalon.core.main.TestCaseExecutor.doExecute(TestCaseExecutor.java:439)
	at com.kms.katalon.core.main.TestCaseExecutor.processExecutionPhase(TestCaseExecutor.java:418)
	at com.kms.katalon.core.main.TestCaseExecutor.accessMainPhase(TestCaseExecutor.java:410)
	at com.kms.katalon.core.main.TestCaseExecutor.execute(TestCaseExecutor.java:285)
	at com.kms.katalon.core.common.CommonExecutor.accessTestCaseMainPhase(CommonExecutor.java:65)
	at com.kms.katalon.core.main.TestSuiteExecutor.accessTestSuiteMainPhase(TestSuiteExecutor.java:151)
	at com.kms.katalon.core.main.TestSuiteExecutor.execute(TestSuiteExecutor.java:106)
	at com.kms.katalon.core.main.TestCaseMain.startTestSuite(TestCaseMain.java:185)
	at com.kms.katalon.core.main.TestCaseMain$startTestSuite$0.call(Unknown Source)
	at TempTestSuite1682994742059.run(TempTestSuite1682994742059.groovy:36)


2023-05-02 09:32:35 - [MESSAGE][ERROR] - Test Cases/Verification Page/Positive Cases/VP001 - Send OTP WhatsApp FAILED.
Reason:
groovy.lang.MissingPropertyException: No such property: cityAndProvince for class: Script1682571939883
	at VP001 - Send OTP WhatsApp.run(VP001 - Send OTP WhatsApp:21)
	at com.kms.katalon.core.main.ScriptEngine.run(ScriptEngine.java:194)
	at com.kms.katalon.core.main.ScriptEngine.runScriptAsRawText(ScriptEngine.java:119)
	at com.kms.katalon.core.main.TestCaseExecutor.runScript(TestCaseExecutor.java:448)
	at com.kms.katalon.core.main.TestCaseExecutor.doExecute(TestCaseExecutor.java:439)
	at com.kms.katalon.core.main.TestCaseExecutor.processExecutionPhase(TestCaseExecutor.java:418)
	at com.kms.katalon.core.main.TestCaseExecutor.accessMainPhase(TestCaseExecutor.java:410)
	at com.kms.katalon.core.main.TestCaseExecutor.execute(TestCaseExecutor.java:285)
	at com.kms.katalon.core.common.CommonExecutor.accessTestCaseMainPhase(CommonExecutor.java:65)
	at com.kms.katalon.core.main.TestSuiteExecutor.accessTestSuiteMainPhase(TestSuiteExecutor.java:151)
	at com.kms.katalon.core.main.TestSuiteExecutor.execute(TestSuiteExecutor.java:106)
	at com.kms.katalon.core.main.TestCaseMain.startTestSuite(TestCaseMain.java:185)
	at com.kms.katalon.core.main.TestCaseMain$startTestSuite$0.call(Unknown Source)
	at TempTestSuite1682994742059.run(TempTestSuite1682994742059.groovy:36)]]></system-out>
         <system-err><![CDATA[2023-05-02 09:32:35 - [TEST_CASE][ERROR] - Test Cases/Verification Page/Positive Cases/VP001 - Send OTP WhatsApp: Test Cases/Verification Page/Positive Cases/VP001 - Send OTP WhatsApp FAILED.
Reason:
groovy.lang.MissingPropertyException: No such property: cityAndProvince for class: Script1682571939883
	at VP001 - Send OTP WhatsApp.run(VP001 - Send OTP WhatsApp:21)
	at com.kms.katalon.core.main.ScriptEngine.run(ScriptEngine.java:194)
	at com.kms.katalon.core.main.ScriptEngine.runScriptAsRawText(ScriptEngine.java:119)
	at com.kms.katalon.core.main.TestCaseExecutor.runScript(TestCaseExecutor.java:448)
	at com.kms.katalon.core.main.TestCaseExecutor.doExecute(TestCaseExecutor.java:439)
	at com.kms.katalon.core.main.TestCaseExecutor.processExecutionPhase(TestCaseExecutor.java:418)
	at com.kms.katalon.core.main.TestCaseExecutor.accessMainPhase(TestCaseExecutor.java:410)
	at com.kms.katalon.core.main.TestCaseExecutor.execute(TestCaseExecutor.java:285)
	at com.kms.katalon.core.common.CommonExecutor.accessTestCaseMainPhase(CommonExecutor.java:65)
	at com.kms.katalon.core.main.TestSuiteExecutor.accessTestSuiteMainPhase(TestSuiteExecutor.java:151)
	at com.kms.katalon.core.main.TestSuiteExecutor.execute(TestSuiteExecutor.java:106)
	at com.kms.katalon.core.main.TestCaseMain.startTestSuite(TestCaseMain.java:185)
	at com.kms.katalon.core.main.TestCaseMain$startTestSuite$0.call(Unknown Source)
	at TempTestSuite1682994742059.run(TempTestSuite1682994742059.groovy:36)]]></system-err>
      </testcase>
      <system-out><![CDATA[2023-05-02 09:32:35 - [TEST_SUITE][ERROR] - Positive Cases: Test Cases/Verification Page/Positive Cases/VP001 - Send OTP WhatsApp FAILED.
Reason:
groovy.lang.MissingPropertyException: No such property: cityAndProvince for class: Script1682571939883
	at VP001 - Send OTP WhatsApp.run(VP001 - Send OTP WhatsApp:21)
	at com.kms.katalon.core.main.ScriptEngine.run(ScriptEngine.java:194)
	at com.kms.katalon.core.main.ScriptEngine.runScriptAsRawText(ScriptEngine.java:119)
	at com.kms.katalon.core.main.TestCaseExecutor.runScript(TestCaseExecutor.java:448)
	at com.kms.katalon.core.main.TestCaseExecutor.doExecute(TestCaseExecutor.java:439)
	at com.kms.katalon.core.main.TestCaseExecutor.processExecutionPhase(TestCaseExecutor.java:418)
	at com.kms.katalon.core.main.TestCaseExecutor.accessMainPhase(TestCaseExecutor.java:410)
	at com.kms.katalon.core.main.TestCaseExecutor.execute(TestCaseExecutor.java:285)
	at com.kms.katalon.core.common.CommonExecutor.accessTestCaseMainPhase(CommonExecutor.java:65)
	at com.kms.katalon.core.main.TestSuiteExecutor.accessTestSuiteMainPhase(TestSuiteExecutor.java:151)
	at com.kms.katalon.core.main.TestSuiteExecutor.execute(TestSuiteExecutor.java:106)
	at com.kms.katalon.core.main.TestCaseMain.startTestSuite(TestCaseMain.java:185)
	at com.kms.katalon.core.main.TestCaseMain$startTestSuite$0.call(Unknown Source)
	at TempTestSuite1682994742059.run(TempTestSuite1682994742059.groovy:36)]]></system-out>
      <system-err><![CDATA[2023-05-02 09:32:35 - [TEST_SUITE][ERROR] - Positive Cases: Test Cases/Verification Page/Positive Cases/VP001 - Send OTP WhatsApp FAILED.
Reason:
groovy.lang.MissingPropertyException: No such property: cityAndProvince for class: Script1682571939883
	at VP001 - Send OTP WhatsApp.run(VP001 - Send OTP WhatsApp:21)
	at com.kms.katalon.core.main.ScriptEngine.run(ScriptEngine.java:194)
	at com.kms.katalon.core.main.ScriptEngine.runScriptAsRawText(ScriptEngine.java:119)
	at com.kms.katalon.core.main.TestCaseExecutor.runScript(TestCaseExecutor.java:448)
	at com.kms.katalon.core.main.TestCaseExecutor.doExecute(TestCaseExecutor.java:439)
	at com.kms.katalon.core.main.TestCaseExecutor.processExecutionPhase(TestCaseExecutor.java:418)
	at com.kms.katalon.core.main.TestCaseExecutor.accessMainPhase(TestCaseExecutor.java:410)
	at com.kms.katalon.core.main.TestCaseExecutor.execute(TestCaseExecutor.java:285)
	at com.kms.katalon.core.common.CommonExecutor.accessTestCaseMainPhase(CommonExecutor.java:65)
	at com.kms.katalon.core.main.TestSuiteExecutor.accessTestSuiteMainPhase(TestSuiteExecutor.java:151)
	at com.kms.katalon.core.main.TestSuiteExecutor.execute(TestSuiteExecutor.java:106)
	at com.kms.katalon.core.main.TestCaseMain.startTestSuite(TestCaseMain.java:185)
	at com.kms.katalon.core.main.TestCaseMain$startTestSuite$0.call(Unknown Source)
	at TempTestSuite1682994742059.run(TempTestSuite1682994742059.groovy:36)]]></system-err>
   </testsuite>
</testsuites>
