<?xml version="1.0" encoding="UTF-8"?>
<testsuites name="Positive Cases" time="23.988" tests="1" failures="0" errors="1">
   <testsuite name="Positive Cases" tests="1" failures="0" errors="1" time="23.988" skipped="0" timestamp="2023-04-27 12:13:27" hostname="Intikom - NBPSS073" id="Test Suites/Registration Flow/Positive Cases">
      <properties>
         <property name="deviceName" value=""/>
         <property name="devicePlatform" value=""/>
         <property name="logFolder" value="C:\\Users\\Intikom\\git\\1cermati-q4\\Reports\\20230427_121324\\Registration Flow\\Positive Cases\\20230427_121325"/>
         <property name="logFiles" value="C:\\Users\\Intikom\\git\\1cermati-q4\\Reports\\20230427_121324\\Registration Flow\\Positive Cases\\20230427_121325\\execution0.log"/>
         <property name="attachments" value="C:\\Users\\Intikom\\git\\1cermati-q4\\Reports\\20230427_121324\\Registration Flow\\Positive Cases\\20230427_121325\\Capture//Document_04_27_23_12_13_35.jpg, C:\\Users\\Intikom\\git\\1cermati-q4\\Reports\\20230427_121324\\Registration Flow\\Positive Cases\\20230427_121325\\Capture//Document_04_27_23_12_13_47.jpg"/>
         <property name="hostName" value="Intikom - NBPSS073"/>
         <property name="os" value="Windows 10 64bit"/>
         <property name="katalonVersion" value="8.5.5.208"/>
         <property name="browser" value="Chrome 112.0.0.0"/>
         <property name="hostAddress" value="10.113.123.4"/>
         <property name="sessionId" value="f18d2a2537c8b0e2347a9b7f495c4b04"/>
         <property name="seleniumVersion" value="3.141.59"/>
         <property name="proxyInformation" value="ProxyInformation { proxyOption=NO_PROXY, proxyServerType=HTTP, username=, password=********, proxyServerAddress=, proxyServerPort=0, executionList=&quot;&quot;, isApplyToDesiredCapabilities=true }"/>
         <property name="platform" value="Windows 10"/>
      </properties>
      <testcase name="Test Cases/Gabung Page/Positive Cases/GP001 - Registration" time="23.696" classname="Test Cases/Gabung Page/Positive Cases/GP001 - Registration" status="ERROR">
         <error type="ERROR" message="Test Cases/Gabung Page/Positive Cases/GP001 - Registration FAILED.
Reason:
groovy.lang.MissingPropertyException: No such property: KeywordUtil for class: com.cermati.q4.BrowserUtility
	at com.cermati.q4.BrowserUtility.clickButton(BrowserUtility.groovy:38)
	at com.cermati.q4.BrowserUtility.invokeMethod(BrowserUtility.groovy)
	at com.kms.katalon.core.main.CustomKeywordDelegatingMetaClass.invokeStaticMethod(CustomKeywordDelegatingMetaClass.java:55)
	at GP001 - Registration.run(GP001 - Registration:58)
	at com.kms.katalon.core.main.ScriptEngine.run(ScriptEngine.java:194)
	at com.kms.katalon.core.main.ScriptEngine.runScriptAsRawText(ScriptEngine.java:119)
	at com.kms.katalon.core.main.TestCaseExecutor.runScript(TestCaseExecutor.java:448)
	at com.kms.katalon.core.main.TestCaseExecutor.doExecute(TestCaseExecutor.java:439)
	at com.kms.katalon.core.main.TestCaseExecutor.processExecutionPhase(TestCaseExecutor.java:418)
	at com.kms.katalon.core.main.TestCaseExecutor.accessMainPhase(TestCaseExecutor.java:410)
	at com.kms.katalon.core.main.TestCaseExecutor.execute(TestCaseExecutor.java:285)
	at com.kms.katalon.core.common.CommonExecutor.accessTestCaseMainPhase(CommonExecutor.java:65)
	at com.kms.katalon.core.main.TestSuiteExecutor.accessTestSuiteMainPhase(TestSuiteExecutor.java:151)
	at com.kms.katalon.core.main.TestSuiteExecutor.execute(TestSuiteExecutor.java:106)
	at com.kms.katalon.core.main.TestCaseMain.startTestSuite(TestCaseMain.java:185)
	at com.kms.katalon.core.main.TestCaseMain$startTestSuite$0.call(Unknown Source)
	at TempTestSuite1682572405663.run(TempTestSuite1682572405663.groovy:36)
"/>
         <system-out><![CDATA[2023-04-27 12:13:27 - [TEST_CASE][ERROR] - Test Cases/Gabung Page/Positive Cases/GP001 - Registration: Test Cases/Gabung Page/Positive Cases/GP001 - Registration FAILED.
Reason:
groovy.lang.MissingPropertyException: No such property: KeywordUtil for class: com.cermati.q4.BrowserUtility
	at com.cermati.q4.BrowserUtility.clickButton(BrowserUtility.groovy:38)
	at com.cermati.q4.BrowserUtility.invokeMethod(BrowserUtility.groovy)
	at com.kms.katalon.core.main.CustomKeywordDelegatingMetaClass.invokeStaticMethod(CustomKeywordDelegatingMetaClass.java:55)
	at GP001 - Registration.run(GP001 - Registration:58)
	at com.kms.katalon.core.main.ScriptEngine.run(ScriptEngine.java:194)
	at com.kms.katalon.core.main.ScriptEngine.runScriptAsRawText(ScriptEngine.java:119)
	at com.kms.katalon.core.main.TestCaseExecutor.runScript(TestCaseExecutor.java:448)
	at com.kms.katalon.core.main.TestCaseExecutor.doExecute(TestCaseExecutor.java:439)
	at com.kms.katalon.core.main.TestCaseExecutor.processExecutionPhase(TestCaseExecutor.java:418)
	at com.kms.katalon.core.main.TestCaseExecutor.accessMainPhase(TestCaseExecutor.java:410)
	at com.kms.katalon.core.main.TestCaseExecutor.execute(TestCaseExecutor.java:285)
	at com.kms.katalon.core.common.CommonExecutor.accessTestCaseMainPhase(CommonExecutor.java:65)
	at com.kms.katalon.core.main.TestSuiteExecutor.accessTestSuiteMainPhase(TestSuiteExecutor.java:151)
	at com.kms.katalon.core.main.TestSuiteExecutor.execute(TestSuiteExecutor.java:106)
	at com.kms.katalon.core.main.TestCaseMain.startTestSuite(TestCaseMain.java:185)
	at com.kms.katalon.core.main.TestCaseMain$startTestSuite$0.call(Unknown Source)
	at TempTestSuite1682572405663.run(TempTestSuite1682572405663.groovy:36)


2023-04-27 12:13:27 - [TEST_STEP][PASSED] - com.cermati.q4.BrowserUtility.openURL(cermatiGabung_Page): com.cermati.q4.BrowserUtility.openURL is PASSED

2023-04-27 12:13:28 - [MESSAGE][INFO] - Starting 'Chrome' driver

2023-04-27 12:13:28 - [MESSAGE][INFO] - Action delay is set to 0 milliseconds

2023-04-27 12:13:29 - [MESSAGE][PASSED] - Browser is opened with url: ''

2023-04-27 12:13:29 - [MESSAGE][PASSED] - Delete all cookies successfully

2023-04-27 12:13:30 - [MESSAGE][PASSED] - Current window maximized

2023-04-27 12:13:31 - [MESSAGE][PASSED] - Navigate to 'https://www.cermati.com/app/gabung' successfully

2023-04-27 12:13:31 - [MESSAGE][PASSED] - Wait for page load successfully

2023-04-27 12:13:33 - [MESSAGE][PASSED] - Delayed 2 second(s)

2023-04-27 12:13:33 - [MESSAGE][PASSED] - com.cermati.q4.BrowserUtility.openURL is PASSED

2023-04-27 12:13:33 - [TEST_STEP][PASSED] - delay(2): Delayed 2 second(s)

2023-04-27 12:13:35 - [MESSAGE][PASSED] - Delayed 2 second(s)

2023-04-27 12:13:35 - [TEST_STEP][PASSED] - com.cermati.q4.BrowserUtility.Screenshot(): com.cermati.q4.BrowserUtility.Screenshot is PASSED

2023-04-27 12:13:38 - [MESSAGE][PASSED] - Delayed 3 second(s)

2023-04-27 12:13:38 - [MESSAGE][PASSED] - Taking screenshot successfully
[[ATTACHMENT|C:\\Users\\Intikom\\git\\1cermati-q4\\Reports\\20230427_121324\\Registration Flow\\Positive Cases\\20230427_121325\\Capture//Document_04_27_23_12_13_35.jpg]]

2023-04-27 12:13:38 - [MESSAGE][PASSED] - com.cermati.q4.BrowserUtility.Screenshot is PASSED

2023-04-27 12:13:38 - [TEST_STEP][PASSED] - setText(findTestObject("gabung-page/txt/email_input"), email): Text 'test001@hanifafianto.com' is set on object 'Object Repository/gabung-page/txt/email_input'

2023-04-27 12:13:39 - [MESSAGE][PASSED] - Text 'test001@hanifafianto.com' is set on object 'Object Repository/gabung-page/txt/email_input'

2023-04-27 12:13:39 - [TEST_STEP][PASSED] - setText(findTestObject("gabung-page/txt/mobilePhone_input"), mobilePhone): Text '081914965697' is set on object 'Object Repository/gabung-page/txt/mobilePhone_input'

2023-04-27 12:13:40 - [MESSAGE][PASSED] - Text '081914965697' is set on object 'Object Repository/gabung-page/txt/mobilePhone_input'

2023-04-27 12:13:40 - [TEST_STEP][PASSED] - setText(findTestObject("gabung-page/txt/password_input"), password): Text 'Passwordnya123' is set on object 'Object Repository/gabung-page/txt/password_input'

2023-04-27 12:13:41 - [MESSAGE][PASSED] - Text 'Passwordnya123' is set on object 'Object Repository/gabung-page/txt/password_input'

2023-04-27 12:13:41 - [TEST_STEP][PASSED] - setText(findTestObject("gabung-page/txt/confirmPassword_input"), confirmPassword): Text 'Passwordnya123' is set on object 'Object Repository/gabung-page/txt/confirmPassword_input'

2023-04-27 12:13:41 - [MESSAGE][PASSED] - Text 'Passwordnya123' is set on object 'Object Repository/gabung-page/txt/confirmPassword_input'

2023-04-27 12:13:41 - [TEST_STEP][PASSED] - setText(findTestObject("gabung-page/txt/firstName_input"), firstName): Text 'Hanif' is set on object 'Object Repository/gabung-page/txt/firstName_input'

2023-04-27 12:13:42 - [MESSAGE][PASSED] - Text 'Hanif' is set on object 'Object Repository/gabung-page/txt/firstName_input'

2023-04-27 12:13:42 - [TEST_STEP][PASSED] - setText(findTestObject("gabung-page/txt/lastName_input"), lastName): Text 'Afianto' is set on object 'Object Repository/gabung-page/txt/lastName_input'

2023-04-27 12:13:43 - [MESSAGE][PASSED] - Text 'Afianto' is set on object 'Object Repository/gabung-page/txt/lastName_input'

2023-04-27 12:13:43 - [TEST_STEP][PASSED] - setText(findTestObject("gabung-page/txt/cityAndProvince_input"), cityAndProvince): Text 'KOTA JAKARTA SELATAN' is set on object 'Object Repository/gabung-page/txt/cityAndProvince_input'

2023-04-27 12:13:44 - [MESSAGE][PASSED] - Text 'KOTA JAKARTA SELATAN' is set on object 'Object Repository/gabung-page/txt/cityAndProvince_input'

2023-04-27 12:13:44 - [TEST_STEP][PASSED] - tncChecker = verifyElementNotPresent(findTestObject("gabung-page/txt/tncChecker_txt"), 0): Web element with id: 'Object Repository/gabung-page/txt/tncChecker_txt' located by 'By.xpath: //div[text()='Anda harus menyetujui Syarat dan Ketentuan serta Kebijakan Privasi Cermati.com.']' is not present after '30' second(s)

2023-04-27 12:13:44 - [MESSAGE][WARNING] - Timeout '0' is invalid. Using default page load timeout: '30'

2023-04-27 12:13:44 - [MESSAGE][PASSED] - Web element with id: 'Object Repository/gabung-page/txt/tncChecker_txt' located by 'By.xpath: //div[text()='Anda harus menyetujui Syarat dan Ketentuan serta Kebijakan Privasi Cermati.com.']' is not present after '30' second(s)

2023-04-27 12:13:44 - [TEST_STEP][PASSED] - tncCheckbox = verifyElementChecked(findTestObject("Object Repository/gabung-page/btn/tnc_checkbox"), 0): Object 'Object Repository/gabung-page/btn/tnc_checkbox' is checked

2023-04-27 12:13:44 - [MESSAGE][WARNING] - Timeout '0' is invalid. Using default page load timeout: '30'

2023-04-27 12:13:45 - [MESSAGE][PASSED] - Object 'Object Repository/gabung-page/btn/tnc_checkbox' is checked

2023-04-27 12:13:45 - [TEST_STEP][PASSED] - if (tncChecker == true && tncCheckbox == false): null

2023-04-27 12:13:45 - [TEST_STEP][PASSED] - delay(2): Delayed 2 second(s)

2023-04-27 12:13:47 - [MESSAGE][PASSED] - Delayed 2 second(s)

2023-04-27 12:13:47 - [TEST_STEP][PASSED] - com.cermati.q4.BrowserUtility.Screenshot(): com.cermati.q4.BrowserUtility.Screenshot is PASSED

2023-04-27 12:13:50 - [MESSAGE][PASSED] - Delayed 3 second(s)

2023-04-27 12:13:51 - [MESSAGE][PASSED] - Taking screenshot successfully
[[ATTACHMENT|C:\\Users\\Intikom\\git\\1cermati-q4\\Reports\\20230427_121324\\Registration Flow\\Positive Cases\\20230427_121325\\Capture//Document_04_27_23_12_13_47.jpg]]

2023-04-27 12:13:51 - [MESSAGE][PASSED] - com.cermati.q4.BrowserUtility.Screenshot is PASSED

2023-04-27 12:13:51 - [TEST_STEP][ERROR] - com.cermati.q4.BrowserUtility.clickButton(findTestObject("gabung-page/btn/daftar_btn"), STOP_ON_FAILURE, "Click Daftar Button"): Test Cases/Gabung Page/Positive Cases/GP001 - Registration FAILED.
Reason:
com.kms.katalon.core.exception.StepErrorException: groovy.lang.MissingPropertyException: No such property: KeywordUtil for class: com.cermati.q4.BrowserUtility
	at com.kms.katalon.core.main.CustomKeywordDelegatingMetaClass.throwError(CustomKeywordDelegatingMetaClass.java:101)
	at com.kms.katalon.core.main.CustomKeywordDelegatingMetaClass.invokeStaticMethod(CustomKeywordDelegatingMetaClass.java:73)
	at GP001 - Registration.run(GP001 - Registration:58)
	at com.kms.katalon.core.main.ScriptEngine.run(ScriptEngine.java:194)
	at com.kms.katalon.core.main.ScriptEngine.runScriptAsRawText(ScriptEngine.java:119)
	at com.kms.katalon.core.main.TestCaseExecutor.runScript(TestCaseExecutor.java:448)
	at com.kms.katalon.core.main.TestCaseExecutor.doExecute(TestCaseExecutor.java:439)
	at com.kms.katalon.core.main.TestCaseExecutor.processExecutionPhase(TestCaseExecutor.java:418)
	at com.kms.katalon.core.main.TestCaseExecutor.accessMainPhase(TestCaseExecutor.java:410)
	at com.kms.katalon.core.main.TestCaseExecutor.execute(TestCaseExecutor.java:285)
	at com.kms.katalon.core.common.CommonExecutor.accessTestCaseMainPhase(CommonExecutor.java:65)
	at com.kms.katalon.core.main.TestSuiteExecutor.accessTestSuiteMainPhase(TestSuiteExecutor.java:151)
	at com.kms.katalon.core.main.TestSuiteExecutor.execute(TestSuiteExecutor.java:106)
	at com.kms.katalon.core.main.TestCaseMain.startTestSuite(TestCaseMain.java:185)
	at com.kms.katalon.core.main.TestCaseMain$startTestSuite$0.call(Unknown Source)
	at TempTestSuite1682572405663.run(TempTestSuite1682572405663.groovy:36)
Caused by: groovy.lang.MissingPropertyException: No such property: KeywordUtil for class: com.cermati.q4.BrowserUtility
	at com.cermati.q4.BrowserUtility.clickButton(BrowserUtility.groovy:38)
	at com.cermati.q4.BrowserUtility.invokeMethod(BrowserUtility.groovy)
	at com.kms.katalon.core.main.CustomKeywordDelegatingMetaClass.invokeStaticMethod(CustomKeywordDelegatingMetaClass.java:55)
	... 14 more


2023-04-27 12:13:51 - [MESSAGE][ERROR] - No such property: KeywordUtil for class: com.cermati.q4.BrowserUtility

2023-04-27 12:13:51 - [MESSAGE][ERROR] - Test Cases/Gabung Page/Positive Cases/GP001 - Registration FAILED.
Reason:
com.kms.katalon.core.exception.StepErrorException: groovy.lang.MissingPropertyException: No such property: KeywordUtil for class: com.cermati.q4.BrowserUtility
	at com.kms.katalon.core.main.CustomKeywordDelegatingMetaClass.throwError(CustomKeywordDelegatingMetaClass.java:101)
	at com.kms.katalon.core.main.CustomKeywordDelegatingMetaClass.invokeStaticMethod(CustomKeywordDelegatingMetaClass.java:73)
	at GP001 - Registration.run(GP001 - Registration:58)
	at com.kms.katalon.core.main.ScriptEngine.run(ScriptEngine.java:194)
	at com.kms.katalon.core.main.ScriptEngine.runScriptAsRawText(ScriptEngine.java:119)
	at com.kms.katalon.core.main.TestCaseExecutor.runScript(TestCaseExecutor.java:448)
	at com.kms.katalon.core.main.TestCaseExecutor.doExecute(TestCaseExecutor.java:439)
	at com.kms.katalon.core.main.TestCaseExecutor.processExecutionPhase(TestCaseExecutor.java:418)
	at com.kms.katalon.core.main.TestCaseExecutor.accessMainPhase(TestCaseExecutor.java:410)
	at com.kms.katalon.core.main.TestCaseExecutor.execute(TestCaseExecutor.java:285)
	at com.kms.katalon.core.common.CommonExecutor.accessTestCaseMainPhase(CommonExecutor.java:65)
	at com.kms.katalon.core.main.TestSuiteExecutor.accessTestSuiteMainPhase(TestSuiteExecutor.java:151)
	at com.kms.katalon.core.main.TestSuiteExecutor.execute(TestSuiteExecutor.java:106)
	at com.kms.katalon.core.main.TestCaseMain.startTestSuite(TestCaseMain.java:185)
	at com.kms.katalon.core.main.TestCaseMain$startTestSuite$0.call(Unknown Source)
	at TempTestSuite1682572405663.run(TempTestSuite1682572405663.groovy:36)
Caused by: groovy.lang.MissingPropertyException: No such property: KeywordUtil for class: com.cermati.q4.BrowserUtility
	at com.cermati.q4.BrowserUtility.clickButton(BrowserUtility.groovy:38)
	at com.cermati.q4.BrowserUtility.invokeMethod(BrowserUtility.groovy)
	at com.kms.katalon.core.main.CustomKeywordDelegatingMetaClass.invokeStaticMethod(CustomKeywordDelegatingMetaClass.java:55)
	... 14 more]]></system-out>
         <system-err><![CDATA[2023-04-27 12:13:27 - [TEST_CASE][ERROR] - Test Cases/Gabung Page/Positive Cases/GP001 - Registration: Test Cases/Gabung Page/Positive Cases/GP001 - Registration FAILED.
Reason:
groovy.lang.MissingPropertyException: No such property: KeywordUtil for class: com.cermati.q4.BrowserUtility
	at com.cermati.q4.BrowserUtility.clickButton(BrowserUtility.groovy:38)
	at com.cermati.q4.BrowserUtility.invokeMethod(BrowserUtility.groovy)
	at com.kms.katalon.core.main.CustomKeywordDelegatingMetaClass.invokeStaticMethod(CustomKeywordDelegatingMetaClass.java:55)
	at GP001 - Registration.run(GP001 - Registration:58)
	at com.kms.katalon.core.main.ScriptEngine.run(ScriptEngine.java:194)
	at com.kms.katalon.core.main.ScriptEngine.runScriptAsRawText(ScriptEngine.java:119)
	at com.kms.katalon.core.main.TestCaseExecutor.runScript(TestCaseExecutor.java:448)
	at com.kms.katalon.core.main.TestCaseExecutor.doExecute(TestCaseExecutor.java:439)
	at com.kms.katalon.core.main.TestCaseExecutor.processExecutionPhase(TestCaseExecutor.java:418)
	at com.kms.katalon.core.main.TestCaseExecutor.accessMainPhase(TestCaseExecutor.java:410)
	at com.kms.katalon.core.main.TestCaseExecutor.execute(TestCaseExecutor.java:285)
	at com.kms.katalon.core.common.CommonExecutor.accessTestCaseMainPhase(CommonExecutor.java:65)
	at com.kms.katalon.core.main.TestSuiteExecutor.accessTestSuiteMainPhase(TestSuiteExecutor.java:151)
	at com.kms.katalon.core.main.TestSuiteExecutor.execute(TestSuiteExecutor.java:106)
	at com.kms.katalon.core.main.TestCaseMain.startTestSuite(TestCaseMain.java:185)
	at com.kms.katalon.core.main.TestCaseMain$startTestSuite$0.call(Unknown Source)
	at TempTestSuite1682572405663.run(TempTestSuite1682572405663.groovy:36)]]></system-err>
      </testcase>
      <system-out><![CDATA[2023-04-27 12:13:27 - [TEST_SUITE][ERROR] - Positive Cases: Test Cases/Gabung Page/Positive Cases/GP001 - Registration FAILED.
Reason:
groovy.lang.MissingPropertyException: No such property: KeywordUtil for class: com.cermati.q4.BrowserUtility
	at com.cermati.q4.BrowserUtility.clickButton(BrowserUtility.groovy:38)
	at com.cermati.q4.BrowserUtility.invokeMethod(BrowserUtility.groovy)
	at com.kms.katalon.core.main.CustomKeywordDelegatingMetaClass.invokeStaticMethod(CustomKeywordDelegatingMetaClass.java:55)
	at GP001 - Registration.run(GP001 - Registration:58)
	at com.kms.katalon.core.main.ScriptEngine.run(ScriptEngine.java:194)
	at com.kms.katalon.core.main.ScriptEngine.runScriptAsRawText(ScriptEngine.java:119)
	at com.kms.katalon.core.main.TestCaseExecutor.runScript(TestCaseExecutor.java:448)
	at com.kms.katalon.core.main.TestCaseExecutor.doExecute(TestCaseExecutor.java:439)
	at com.kms.katalon.core.main.TestCaseExecutor.processExecutionPhase(TestCaseExecutor.java:418)
	at com.kms.katalon.core.main.TestCaseExecutor.accessMainPhase(TestCaseExecutor.java:410)
	at com.kms.katalon.core.main.TestCaseExecutor.execute(TestCaseExecutor.java:285)
	at com.kms.katalon.core.common.CommonExecutor.accessTestCaseMainPhase(CommonExecutor.java:65)
	at com.kms.katalon.core.main.TestSuiteExecutor.accessTestSuiteMainPhase(TestSuiteExecutor.java:151)
	at com.kms.katalon.core.main.TestSuiteExecutor.execute(TestSuiteExecutor.java:106)
	at com.kms.katalon.core.main.TestCaseMain.startTestSuite(TestCaseMain.java:185)
	at com.kms.katalon.core.main.TestCaseMain$startTestSuite$0.call(Unknown Source)
	at TempTestSuite1682572405663.run(TempTestSuite1682572405663.groovy:36)]]></system-out>
      <system-err><![CDATA[2023-04-27 12:13:27 - [TEST_SUITE][ERROR] - Positive Cases: Test Cases/Gabung Page/Positive Cases/GP001 - Registration FAILED.
Reason:
groovy.lang.MissingPropertyException: No such property: KeywordUtil for class: com.cermati.q4.BrowserUtility
	at com.cermati.q4.BrowserUtility.clickButton(BrowserUtility.groovy:38)
	at com.cermati.q4.BrowserUtility.invokeMethod(BrowserUtility.groovy)
	at com.kms.katalon.core.main.CustomKeywordDelegatingMetaClass.invokeStaticMethod(CustomKeywordDelegatingMetaClass.java:55)
	at GP001 - Registration.run(GP001 - Registration:58)
	at com.kms.katalon.core.main.ScriptEngine.run(ScriptEngine.java:194)
	at com.kms.katalon.core.main.ScriptEngine.runScriptAsRawText(ScriptEngine.java:119)
	at com.kms.katalon.core.main.TestCaseExecutor.runScript(TestCaseExecutor.java:448)
	at com.kms.katalon.core.main.TestCaseExecutor.doExecute(TestCaseExecutor.java:439)
	at com.kms.katalon.core.main.TestCaseExecutor.processExecutionPhase(TestCaseExecutor.java:418)
	at com.kms.katalon.core.main.TestCaseExecutor.accessMainPhase(TestCaseExecutor.java:410)
	at com.kms.katalon.core.main.TestCaseExecutor.execute(TestCaseExecutor.java:285)
	at com.kms.katalon.core.common.CommonExecutor.accessTestCaseMainPhase(CommonExecutor.java:65)
	at com.kms.katalon.core.main.TestSuiteExecutor.accessTestSuiteMainPhase(TestSuiteExecutor.java:151)
	at com.kms.katalon.core.main.TestSuiteExecutor.execute(TestSuiteExecutor.java:106)
	at com.kms.katalon.core.main.TestCaseMain.startTestSuite(TestCaseMain.java:185)
	at com.kms.katalon.core.main.TestCaseMain$startTestSuite$0.call(Unknown Source)
	at TempTestSuite1682572405663.run(TempTestSuite1682572405663.groovy:36)]]></system-err>
   </testsuite>
</testsuites>
